{"C:\\Users\\user\\Documents\\Cursos\\Mobile\\automacao\\udemy\\qazando\\metodo_tajs\\modulo03-conceitos-tajs\\aula05-code-coverage\\src\\person.js": {"path":"C:\\Users\\user\\Documents\\Cursos\\Mobile\\automacao\\udemy\\qazando\\metodo_tajs\\modulo03-conceitos-tajs\\aula05-code-coverage\\src\\person.js","all":false,"statementMap":{"0":{"start":{"line":1,"column":0},"end":{"line":1,"column":38}},"1":{"start":{"line":2,"column":0},"end":{"line":2,"column":43}},"2":{"start":{"line":3,"column":0},"end":{"line":3,"column":0}},"3":{"start":{"line":4,"column":0},"end":{"line":4,"column":10}},"4":{"start":{"line":5,"column":0},"end":{"line":5,"column":9}},"5":{"start":{"line":6,"column":0},"end":{"line":6,"column":8}},"6":{"start":{"line":7,"column":0},"end":{"line":7,"column":25}},"7":{"start":{"line":8,"column":0},"end":{"line":8,"column":3}},"8":{"start":{"line":9,"column":0},"end":{"line":9,"column":1}}},"s":{"0":1,"1":3,"2":3,"3":3,"4":3,"5":3,"6":3,"7":3,"8":3},"branchMap":{"0":{"type":"branch","line":1,"loc":{"start":{"line":1,"column":7},"end":{"line":9,"column":1}},"locations":[{"start":{"line":1,"column":7},"end":{"line":9,"column":1}}]}},"b":{"0":[3]},"fnMap":{"0":{"name":"mapPerson","decl":{"start":{"line":1,"column":7},"end":{"line":9,"column":1}},"loc":{"start":{"line":1,"column":7},"end":{"line":9,"column":1}},"line":1}},"f":{"0":3}}
,"C:\\Users\\user\\Documents\\Cursos\\Mobile\\automacao\\udemy\\qazando\\metodo_tajs\\modulo03-conceitos-tajs\\aula05-code-coverage\\src\\task.js": {"path":"C:\\Users\\user\\Documents\\Cursos\\Mobile\\automacao\\udemy\\qazando\\metodo_tajs\\modulo03-conceitos-tajs\\aula05-code-coverage\\src\\task.js","all":false,"statementMap":{"0":{"start":{"line":1,"column":0},"end":{"line":1,"column":27}},"1":{"start":{"line":2,"column":0},"end":{"line":2,"column":20}},"2":{"start":{"line":3,"column":0},"end":{"line":3,"column":0}},"3":{"start":{"line":4,"column":0},"end":{"line":4,"column":29}},"4":{"start":{"line":5,"column":0},"end":{"line":5,"column":18}},"5":{"start":{"line":6,"column":0},"end":{"line":6,"column":80}},"6":{"start":{"line":7,"column":0},"end":{"line":7,"column":7}},"7":{"start":{"line":8,"column":0},"end":{"line":8,"column":42}},"8":{"start":{"line":9,"column":0},"end":{"line":9,"column":3}},"9":{"start":{"line":10,"column":0},"end":{"line":10,"column":0}},"10":{"start":{"line":11,"column":0},"end":{"line":11,"column":16}},"11":{"start":{"line":12,"column":0},"end":{"line":12,"column":44}},"12":{"start":{"line":13,"column":0},"end":{"line":13,"column":32}},"13":{"start":{"line":14,"column":0},"end":{"line":14,"column":39}},"14":{"start":{"line":15,"column":0},"end":{"line":15,"column":44}},"15":{"start":{"line":16,"column":0},"end":{"line":16,"column":39}},"16":{"start":{"line":17,"column":0},"end":{"line":17,"column":21}},"17":{"start":{"line":18,"column":0},"end":{"line":18,"column":11}},"18":{"start":{"line":19,"column":0},"end":{"line":19,"column":0}},"19":{"start":{"line":20,"column":0},"end":{"line":20,"column":43}},"20":{"start":{"line":21,"column":0},"end":{"line":21,"column":38}},"21":{"start":{"line":22,"column":0},"end":{"line":22,"column":27}},"22":{"start":{"line":23,"column":0},"end":{"line":23,"column":42}},"23":{"start":{"line":24,"column":0},"end":{"line":24,"column":15}},"24":{"start":{"line":25,"column":0},"end":{"line":25,"column":11}},"25":{"start":{"line":26,"column":0},"end":{"line":26,"column":17}},"26":{"start":{"line":27,"column":0},"end":{"line":27,"column":4}},"27":{"start":{"line":28,"column":0},"end":{"line":28,"column":1}}},"s":{"0":1,"1":1,"2":1,"3":1,"4":2,"5":2,"6":2,"7":2,"8":2,"9":1,"10":1,"11":1,"12":50,"13":50,"14":0,"15":0,"16":0,"17":0,"18":50,"19":50,"20":75,"21":2,"22":2,"23":2,"24":75,"25":1,"26":1,"27":1},"branchMap":{"0":{"type":"branch","line":1,"loc":{"start":{"line":1,"column":15},"end":{"line":28,"column":1}},"locations":[{"start":{"line":1,"column":15},"end":{"line":28,"column":1}}]},"1":{"type":"branch","line":4,"loc":{"start":{"line":4,"column":2},"end":{"line":9,"column":3}},"locations":[{"start":{"line":4,"column":2},"end":{"line":9,"column":3}}]},"2":{"type":"branch","line":11,"loc":{"start":{"line":11,"column":2},"end":{"line":27,"column":4}},"locations":[{"start":{"line":11,"column":2},"end":{"line":27,"column":4}}]},"3":{"type":"branch","line":12,"loc":{"start":{"line":12,"column":37},"end":{"line":26,"column":7}},"locations":[{"start":{"line":12,"column":37},"end":{"line":26,"column":7}}]},"4":{"type":"branch","line":14,"loc":{"start":{"line":14,"column":38},"end":{"line":18,"column":11}},"locations":[{"start":{"line":14,"column":38},"end":{"line":18,"column":11}}]},"5":{"type":"branch","line":20,"loc":{"start":{"line":20,"column":42},"end":{"line":25,"column":11}},"locations":[{"start":{"line":20,"column":42},"end":{"line":25,"column":11}}]},"6":{"type":"branch","line":21,"loc":{"start":{"line":21,"column":37},"end":{"line":24,"column":15}},"locations":[{"start":{"line":21,"column":37},"end":{"line":24,"column":15}}]}},"b":{"0":[1],"1":[2],"2":[1],"3":[50],"4":[0],"5":[75],"6":[2]},"fnMap":{"0":{"name":"<instance_members_initializer>","decl":{"start":{"line":1,"column":15},"end":{"line":28,"column":1}},"loc":{"start":{"line":1,"column":15},"end":{"line":28,"column":1}},"line":1},"1":{"name":"save","decl":{"start":{"line":4,"column":2},"end":{"line":9,"column":3}},"loc":{"start":{"line":4,"column":2},"end":{"line":9,"column":3}},"line":4},"2":{"name":"run","decl":{"start":{"line":11,"column":2},"end":{"line":27,"column":4}},"loc":{"start":{"line":11,"column":2},"end":{"line":27,"column":4}},"line":11}},"f":{"0":1,"1":2,"2":1}}
}
