TN:
SF:src\api.js
FN:6,getUserCategory
FNF:1
FNH:1
FNDA:4,getUserCategory
DA:1,1
DA:2,1
DA:3,1
DA:4,1
DA:5,1
DA:6,4
DA:7,4
DA:8,4
DA:9,4
DA:10,1
DA:11,1
DA:12,3
DA:13,4
DA:14,1
DA:15,1
DA:16,2
DA:17,4
DA:18,1
DA:19,1
DA:20,1
DA:21,1
DA:22,1
DA:23,1
DA:24,1
DA:25,7
DA:26,7
DA:27,4
DA:28,4
DA:29,4
DA:30,4
DA:31,4
DA:32,4
DA:33,4
DA:34,4
DA:35,4
DA:36,4
DA:37,4
DA:38,4
DA:39,4
DA:40,4
DA:41,4
DA:42,3
DA:43,7
DA:44,3
DA:45,3
DA:46,3
DA:47,3
DA:48,3
DA:49,3
DA:50,7
DA:51,1
DA:52,1
DA:53,1
DA:54,1
DA:55,1
DA:56,1
DA:57,1
DA:58,1
DA:59,1
DA:60,0
DA:61,0
DA:62,0
DA:63,0
DA:64,0
DA:65,0
DA:66,0
DA:67,1
DA:68,1
LF:68
LH:61
BRDA:6,0,0,4
BRDA:9,1,0,1
BRDA:11,2,0,3
BRDA:13,3,0,1
BRDA:15,4,0,2
BRDA:17,5,0,1
BRDA:24,6,0,7
BRDA:26,7,0,4
BRDA:26,8,0,4
BRDA:41,9,0,3
BRDA:43,10,0,3
BRDA:50,11,0,1
BRDA:59,12,0,0
BRDA:63,13,0,0
BRDA:45,14,0,6
BRF:15
BRH:13
end_of_record
